<?xml version="1.0" encoding="UTF-8"?>
<!-- Generated by org.testng.reporters.JUnitReportReporter -->
<testsuite ignored="0" hostname="DESKTOP-EKJ5BNI" failures="0" tests="1" name="Proyecto.Laboratorio2Test" time="15.889" errors="0" timestamp="09 sep. 2022 18:41:02 GMT" skipped="0">
  <testcase classname="Proyecto.Laboratorio2Test" name="lab2_E1" time="15.889"/>
</testsuite> <!-- Proyecto.Laboratorio2Test -->
